<?xml version="1.0" encoding="UTF-8"?>
<testsuite xmlns:xsi="http://www.w3.org/2001/XMLSchema-instance" xsi:noNamespaceSchemaLocation="https://maven.apache.org/surefire/maven-surefire-plugin/xsd/surefire-test-report-3.0.xsd" version="3.0" name="DCPT.DCPT1224.Dcpt1224ApplicationTests" time="3.853" tests="1" errors="0" skipped="0" failures="1">
  <properties>
[...]
</properties>
  <testcase name="testGetFFStringVariation" classname="DCPT.DCPT1224.Dcpt1224ApplicationTests" time="0.665">
    <failure message="expected: &lt;All&gt; but was: &lt;{&quot;timestamp&quot;:&quot;2024-06-12T07:13:07.497+00:00&quot;,&quot;status&quot;:404,&quot;error&quot;:&quot;Not Found&quot;,&quot;path&quot;:&quot;/user/flag-string-variation&quot;}&gt;" type="org.opentest4j.AssertionFailedError"><![CDATA[org.opentest4j.AssertionFailedError: expected: <All> but was: <{"timestamp":"2024-06-12T07:13:07.497+00:00","status":404,"error":"Not Found","path":"/user/flag-string-variation"}>
	at org.junit.jupiter.api.AssertionFailureBuilder.build(AssertionFailureBuilder.java:151)
	at org.junit.jupiter.api.AssertionFailureBuilder.buildAndThrow(AssertionFailureBuilder.java:132)
	at org.junit.jupiter.api.AssertEquals.failNotEqual(AssertEquals.java:197)
	at org.junit.jupiter.api.AssertEquals.assertEquals(AssertEquals.java:182)
	at org.junit.jupiter.api.AssertEquals.assertEquals(AssertEquals.java:177)
	at org.junit.jupiter.api.Assertions.assertEquals(Assertions.java:1145)
	at DCPT.DCPT1224.Dcpt1224ApplicationTests.testGetFFStringVariation(Dcpt1224ApplicationTests.java:32)
	at java.base/java.lang.reflect.Method.invoke(Method.java:568)
	at java.base/java.util.ArrayList.forEach(ArrayList.java:1511)
	at java.base/java.util.ArrayList.forEach(ArrayList.java:1511)
]]></failure>
    <system-out><![CDATA[12:43:03.797 [main] INFO org.springframework.test.context.support.AnnotationConfigContextLoaderUtils -- Could not detect default configuration classes for test class [DCPT.DCPT1224.Dcpt1224ApplicationTests]: Dcpt1224ApplicationTests does not declare any static, non-private, non-final, nested classes annotated with @Configuration.
12:43:03.850 [main] INFO org.springframework.boot.test.context.SpringBootTestContextBootstrapper -- Found @SpringBootConfiguration DCPT.DCPT1224.Dcpt1224Application for test class DCPT.DCPT1224.Dcpt1224ApplicationTests

  .   ____          _            __ _ _
 /\\ / ___'_ __ _ _(_)_ __  __ _ \ \ \ \
( ( )\___ | '_ | '_| | '_ \/ _` | \ \ \ \
 \\/  ___)| |_)| | | | | || (_| |  ) ) ) )
  '  |____| .__|_| |_|_| |_\__, | / / / /
 =========|_|==============|___/=/_/_/_/
 :: Spring Boot ::                (v3.2.5)

2024-06-12T12:43:04.037+05:30  INFO 29030 --- [DCPT-1224] [           main] DCPT.DCPT1224.Dcpt1224ApplicationTests   : Starting Dcpt1224ApplicationTests using Java 17.0.11 with PID 29030 (started by sashfaqhussain in /Users/sashfaqhussain/Downloads/multivariance)
2024-06-12T12:43:04.038+05:30  INFO 29030 --- [DCPT-1224] [           main] DCPT.DCPT1224.Dcpt1224ApplicationTests   : No active profile set, falling back to 1 default profile: "default"
2024-06-12T12:43:04.489+05:30  INFO 29030 --- [DCPT-1224] [           main] o.s.b.w.embedded.tomcat.TomcatWebServer  : Tomcat initialized with port 0 (http)
2024-06-12T12:43:04.496+05:30  INFO 29030 --- [DCPT-1224] [           main] o.apache.catalina.core.StandardService   : Starting service [Tomcat]
2024-06-12T12:43:04.496+05:30  INFO 29030 --- [DCPT-1224] [           main] o.apache.catalina.core.StandardEngine    : Starting Servlet engine: [Apache Tomcat/10.1.20]
2024-06-12T12:43:04.531+05:30  INFO 29030 --- [DCPT-1224] [           main] o.a.c.c.C.[Tomcat].[localhost].[/]       : Initializing Spring embedded WebApplicationContext
2024-06-12T12:43:04.532+05:30  INFO 29030 --- [DCPT-1224] [           main] w.s.c.ServletWebServerApplicationContext : Root WebApplicationContext: initialization completed in 486 ms
2024-06-12T12:43:04.745+05:30  INFO 29030 --- [DCPT-1224] [           main] io.harness.cf.client.api.InnerClient     : Starting SDK client with configuration: BaseConfig(streamEnabled=true, pollIntervalInSeconds=60, analyticsEnabled=true, globalTargetEnabled=true, sdkCode6001Suppressed=false, frequency=60, bufferSize=5000, allAttributesPrivate=false, privateAttributes=[], debug=false, metricsServiceAcceptableDuration=10000, cache=io.harness.cf.client.api.CaffeineCache@2668c286, store=null)
2024-06-12T12:43:04.748+05:30  INFO 29030 --- [DCPT-1224] [           main] io.harness.cf.client.api.InnerClient     : Wait for initialization to finish
2024-06-12T12:43:05.694+05:30  INFO 29030 --- [DCPT-1224] [     AuthThread] i.h.c.client.connector.HarnessConnector  : Successfully authenticated
2024-06-12T12:43:05.697+05:30  INFO 29030 --- [DCPT-1224] [     AuthThread] io.harness.cf.client.common.SdkCodes     : SDKCODE(auth:2000): Authenticated ok 
2024-06-12T12:43:05.697+05:30  INFO 29030 --- [DCPT-1224] [     AuthThread] io.harness.cf.client.common.SdkCodes     : SDKCODE(poll:4000): Polling started, intervalMs: 60000
2024-06-12T12:43:05.698+05:30  INFO 29030 --- [DCPT-1224] [     AuthThread] i.h.cf.client.connector.EventSource      : EventSource connecting with url https://config.ff.harness.io/api/1.0/stream?cluster=1 and headers {Authorization=*, Harness-EnvironmentID=test, Harness-SDK-Info=Java 1.6.0 Server, Harness-AccountID=SMrzpuH4Qfa0KwQjjOUbog, API-Key=*}
2024-06-12T12:43:05.700+05:30  INFO 29030 --- [DCPT-1224] [     AuthThread] io.harness.cf.client.common.SdkCodes     : SDKCODE(metric:7000): Metrics thread started, intervalMs: 60000
2024-06-12T12:43:06.013+05:30  INFO 29030 --- [DCPT-1224] [.harness.io/...] io.harness.cf.client.common.SdkCodes     : SDKCODE(stream:5000): SSE stream connected ok 
2024-06-12T12:43:06.708+05:30  INFO 29030 --- [DCPT-1224] [     PollThread] io.harness.cf.client.common.SdkCodes     : SDKCODE(init:1000): The SDK has successfully initialized 
2024-06-12T12:43:06.853+05:30  INFO 29030 --- [DCPT-1224] [           main] o.s.b.w.embedded.tomcat.TomcatWebServer  : Tomcat started on port 54603 (http) with context path ''
2024-06-12T12:43:06.858+05:30  INFO 29030 --- [DCPT-1224] [           main] DCPT.DCPT1224.Dcpt1224ApplicationTests   : Started Dcpt1224ApplicationTests in 2.945 seconds (process running for 3.589)
2024-06-12T12:43:07.479+05:30  INFO 29030 --- [DCPT-1224] [o-auto-1-exec-1] o.a.c.c.C.[Tomcat].[localhost].[/]       : Initializing Spring DispatcherServlet 'dispatcherServlet'
2024-06-12T12:43:07.479+05:30  INFO 29030 --- [DCPT-1224] [o-auto-1-exec-1] o.s.web.servlet.DispatcherServlet        : Initializing Servlet 'dispatcherServlet'
2024-06-12T12:43:07.479+05:30  INFO 29030 --- [DCPT-1224] [o-auto-1-exec-1] o.s.web.servlet.DispatcherServlet        : Completed initialization in 0 ms
]]></system-out>
  </testcase>
</testsuite>